#
# There is insufficient memory for the Java Runtime Environment to continue.
# Native memory allocation (malloc) failed to allocate 32744 bytes for ChunkPool::allocate
# Possible reasons:
#   The system is out of physical RAM or swap space
#   The process is running with CompressedOops enabled, and the Java Heap may be blocking the growth of the native heap
# Possible solutions:
#   Reduce memory load on the system
#   Increase physical memory or swap space
#   Check if swap backing store is full
#   Decrease Java heap size (-Xmx/-Xms)
#   Decrease number of Java threads
#   Decrease Java thread stack sizes (-Xss)
#   Set larger code cache with -XX:ReservedCodeCacheSize=
#   JVM is running with Unscaled Compressed Oops mode in which the Java heap is
#     placed in the first 4GB address space. The Java Heap base address is the
#     maximum limit for the native heap growth. Please use -XX:HeapBaseMinAddress
#     to set the Java Heap base and to place the Java Heap above 4GB virtual address.
# This output file may be truncated or incomplete.
#
#  Out of Memory Error (arena.cpp:79), pid=22560, tid=25808
#
# JRE version: OpenJDK Runtime Environment (16.0.2+7) (build 16.0.2+7-67)
# Java VM: OpenJDK 64-Bit Server VM (16.0.2+7-67, mixed mode, tiered, compressed oops, compressed class ptrs, g1 gc, windows-amd64)
# No core dump will be written. Minidumps are not enabled by default on client versions of Windows
#

---------------  S U M M A R Y ------------

Command Line: -Dfile.encoding=UTF-8 -XX:+ShowCodeDetailsInExceptionMessages Bar.BarMain

Host: Intel(R) Celeron(R) N4100 CPU @ 1.10GHz, 4 cores, 3G,  Windows 10 , 64 bit Build 19041 (10.0.19041.3031)
Time: Thu Feb  8 21:53:33 2024  Windows 10 , 64 bit Build 19041 (10.0.19041.3031) elapsed time: 0.447958 seconds (0d 0h 0m 0s)

---------------  T H R E A D  ---------------

Current thread (0x000001abf28ab780):  JavaThread "C1 CompilerThread0" daemon [_thread_in_native, id=25808, stack(0x0000003fac700000,0x0000003fac800000)]


Current CompileTask:
C1:    448  126       3       java.util.StringTokenizer::skipDelimiters (116 bytes)

Stack: [0x0000003fac700000,0x0000003fac800000]
Native frames: (J=compiled Java code, j=interpreted, Vv=VM code, C=native code)
V  [jvm.dll+0x6681ca]
V  [jvm.dll+0x7c9e69]
V  [jvm.dll+0x7cb61e]
V  [jvm.dll+0x7cbc73]
V  [jvm.dll+0x242c55]
V  [jvm.dll+0xae10f]
V  [jvm.dll+0xae45c]
V  [jvm.dll+0x243f6c]
V  [jvm.dll+0x24419c]
V  [jvm.dll+0x243c09]
V  [jvm.dll+0x148bf1]
V  [jvm.dll+0x148bdd]
V  [jvm.dll+0x148bdd]
V  [jvm.dll+0x148bdd]
V  [jvm.dll+0x148b77]
V  [jvm.dll+0x14ec47]
V  [jvm.dll+0x14f070]
V  [jvm.dll+0x14f2e7]
V  [jvm.dll+0x14f11e]
V  [jvm.dll+0x132faf]
V  [jvm.dll+0x132aaa]
V  [jvm.dll+0x132c99]
V  [jvm.dll+0x1320ff]
V  [jvm.dll+0x133ec1]
V  [jvm.dll+0x225158]
V  [jvm.dll+0x22319c]
V  [jvm.dll+0x77fa62]
V  [jvm.dll+0x7795aa]
V  [jvm.dll+0x667066]
C  [ucrtbase.dll+0x21bb2]
C  [KERNEL32.DLL+0x17614]
C  [ntdll.dll+0x526f1]


---------------  P R O C E S S  ---------------

Threads class SMR info:
_java_thread_list=0x000001abf3502c20, length=12, elements={
0x000001abdb987900, 0x000001abf2816250, 0x000001abf2818f20, 0x000001abf2849620,
0x000001abf28724e0, 0x000001abf2872df0, 0x000001abf2873700, 0x000001abf2874340,
0x000001abf28ab780, 0x000001abf28adcf0, 0x000001abf3538420, 0x000001abf353bc50
}

Java Threads: ( => current thread )
  0x000001abdb987900 JavaThread "main" [_thread_in_vm, id=15368, stack(0x0000003fab900000,0x0000003faba00000)]
  0x000001abf2816250 JavaThread "Reference Handler" daemon [_thread_blocked, id=28092, stack(0x0000003fac000000,0x0000003fac100000)]
  0x000001abf2818f20 JavaThread "Finalizer" daemon [_thread_blocked, id=27848, stack(0x0000003fac100000,0x0000003fac200000)]
  0x000001abf2849620 JavaThread "Signal Dispatcher" daemon [_thread_blocked, id=23832, stack(0x0000003fac200000,0x0000003fac300000)]
  0x000001abf28724e0 JavaThread "Attach Listener" daemon [_thread_blocked, id=18120, stack(0x0000003fac300000,0x0000003fac400000)]
  0x000001abf2872df0 JavaThread "Service Thread" daemon [_thread_blocked, id=10644, stack(0x0000003fac400000,0x0000003fac500000)]
  0x000001abf2873700 JavaThread "Monitor Deflation Thread" daemon [_thread_blocked, id=29324, stack(0x0000003fac500000,0x0000003fac600000)]
  0x000001abf2874340 JavaThread "C2 CompilerThread0" daemon [_thread_in_native, id=28532, stack(0x0000003fac600000,0x0000003fac700000)]
=>0x000001abf28ab780 JavaThread "C1 CompilerThread0" daemon [_thread_in_native, id=25808, stack(0x0000003fac700000,0x0000003fac800000)]
  0x000001abf28adcf0 JavaThread "Sweeper thread" daemon [_thread_blocked, id=27160, stack(0x0000003fac800000,0x0000003fac900000)]
  0x000001abf3538420 JavaThread "Notification Thread" daemon [_thread_blocked, id=22720, stack(0x0000003fac900000,0x0000003faca00000)]
  0x000001abf353bc50 JavaThread "Common-Cleaner" daemon [_thread_blocked, id=27748, stack(0x0000003facb00000,0x0000003facc00000)]

Other Threads:
  0x000001abf27ffb10 VMThread "VM Thread" [stack: 0x0000003fabf00000,0x0000003fac000000] [id=2856]
  0x000001abf353a950 WatcherThread [stack: 0x0000003faca00000,0x0000003facb00000] [id=19272]
  0x000001abdb9b8540 GCTaskThread "GC Thread#0" [stack: 0x0000003faba00000,0x0000003fabb00000] [id=18032]
  0x000001abdb9c1000 ConcurrentGCThread "G1 Main Marker" [stack: 0x0000003fabb00000,0x0000003fabc00000] [id=26908]
  0x000001abdb9c19f0 ConcurrentGCThread "G1 Conc#0" [stack: 0x0000003fabc00000,0x0000003fabd00000] [id=16796]
  0x000001abdba049a0 ConcurrentGCThread "G1 Refine#0" [stack: 0x0000003fabd00000,0x0000003fabe00000] [id=24464]
  0x000001abdba053a0 ConcurrentGCThread "G1 Service" [stack: 0x0000003fabe00000,0x0000003fabf00000] [id=14476]

Threads with active compile tasks:
C2 CompilerThread0      559  128       4       java.lang.String::hashCode (60 bytes)
C1 CompilerThread0      559  126       3       java.util.StringTokenizer::skipDelimiters (116 bytes)

VM state: not at safepoint (normal execution)

VM Mutex/Monitor currently owned by a thread:  ([mutex/lock_event])
[0x000001abdb982740] MetaspaceExpand_lock - owner thread: 0x000001abdb987900

Heap address: 0x00000000c2c00000, size: 980 MB, Compressed Oops mode: 32-bit

CDS disabled.
Compressed class space mapped at: 0x0000000100000000-0x0000000140000000, reserved size: 1073741824
Narrow klass base: 0x0000000000000000, Narrow klass shift: 3, Narrow klass range: 0x140000000

GC Precious Log:
 CPUs: 4 total, 4 available
 Memory: 3917M
 Large Page Support: Disabled
 NUMA Support: Disabled
 Compressed Oops: Enabled (32-bit)
 Heap Region Size: 1M
 Heap Min Capacity: 8M
 Heap Initial Capacity: 62M
 Heap Max Capacity: 980M
 Pre-touch: Disabled
 Parallel Workers: 4
 Concurrent Workers: 1
 Concurrent Refinement Workers: 4
 Periodic GC: Disabled

Heap:
 garbage-first heap   total 63488K, used 1024K [0x00000000c2c00000, 0x0000000100000000)
  region size 1024K, 2 young (2048K), 0 survivors (0K)
 Metaspace       used 6228K, committed 6336K, reserved 1056768K
  class space    used 513K, committed 576K, reserved 1048576K

Heap Regions: E=young(eden), S=young(survivor), O=old, HS=humongous(starts), HC=humongous(continues), CS=collection set, F=free, OA=open archive, CA=closed archive, TAMS=top-at-mark-start (previous, next)
|   0|0x00000000c2c00000, 0x00000000c2c00000, 0x00000000c2d00000|  0%| F|  |TAMS 0x00000000c2c00000, 0x00000000c2c00000| Untracked 
|   1|0x00000000c2d00000, 0x00000000c2d00000, 0x00000000c2e00000|  0%| F|  |TAMS 0x00000000c2d00000, 0x00000000c2d00000| Untracked 
|   2|0x00000000c2e00000, 0x00000000c2e00000, 0x00000000c2f00000|  0%| F|  |TAMS 0x00000000c2e00000, 0x00000000c2e00000| Untracked 
|   3|0x00000000c2f00000, 0x00000000c2f00000, 0x00000000c3000000|  0%| F|  |TAMS 0x00000000c2f00000, 0x00000000c2f00000| Untracked 
|   4|0x00000000c3000000, 0x00000000c3000000, 0x00000000c3100000|  0%| F|  |TAMS 0x00000000c3000000, 0x00000000c3000000| Untracked 
|   5|0x00000000c3100000, 0x00000000c3100000, 0x00000000c3200000|  0%| F|  |TAMS 0x00000000c3100000, 0x00000000c3100000| Untracked 
|   6|0x00000000c3200000, 0x00000000c3200000, 0x00000000c3300000|  0%| F|  |TAMS 0x00000000c3200000, 0x00000000c3200000| Untracked 
|   7|0x00000000c3300000, 0x00000000c3300000, 0x00000000c3400000|  0%| F|  |TAMS 0x00000000c3300000, 0x00000000c3300000| Untracked 
|   8|0x00000000c3400000, 0x00000000c3400000, 0x00000000c3500000|  0%| F|  |TAMS 0x00000000c3400000, 0x00000000c3400000| Untracked 
|   9|0x00000000c3500000, 0x00000000c3500000, 0x00000000c3600000|  0%| F|  |TAMS 0x00000000c3500000, 0x00000000c3500000| Untracked 
|  10|0x00000000c3600000, 0x00000000c3600000, 0x00000000c3700000|  0%| F|  |TAMS 0x00000000c3600000, 0x00000000c3600000| Untracked 
|  11|0x00000000c3700000, 0x00000000c3700000, 0x00000000c3800000|  0%| F|  |TAMS 0x00000000c3700000, 0x00000000c3700000| Untracked 
|  12|0x00000000c3800000, 0x00000000c3800000, 0x00000000c3900000|  0%| F|  |TAMS 0x00000000c3800000, 0x00000000c3800000| Untracked 
|  13|0x00000000c3900000, 0x00000000c3900000, 0x00000000c3a00000|  0%| F|  |TAMS 0x00000000c3900000, 0x00000000c3900000| Untracked 
|  14|0x00000000c3a00000, 0x00000000c3a00000, 0x00000000c3b00000|  0%| F|  |TAMS 0x00000000c3a00000, 0x00000000c3a00000| Untracked 
|  15|0x00000000c3b00000, 0x00000000c3b00000, 0x00000000c3c00000|  0%| F|  |TAMS 0x00000000c3b00000, 0x00000000c3b00000| Untracked 
|  16|0x00000000c3c00000, 0x00000000c3c00000, 0x00000000c3d00000|  0%| F|  |TAMS 0x00000000c3c00000, 0x00000000c3c00000| Untracked 
|  17|0x00000000c3d00000, 0x00000000c3d00000, 0x00000000c3e00000|  0%| F|  |TAMS 0x00000000c3d00000, 0x00000000c3d00000| Untracked 
|  18|0x00000000c3e00000, 0x00000000c3e00000, 0x00000000c3f00000|  0%| F|  |TAMS 0x00000000c3e00000, 0x00000000c3e00000| Untracked 
|  19|0x00000000c3f00000, 0x00000000c3f00000, 0x00000000c4000000|  0%| F|  |TAMS 0x00000000c3f00000, 0x00000000c3f00000| Untracked 
|  20|0x00000000c4000000, 0x00000000c4000000, 0x00000000c4100000|  0%| F|  |TAMS 0x00000000c4000000, 0x00000000c4000000| Untracked 
|  21|0x00000000c4100000, 0x00000000c4100000, 0x00000000c4200000|  0%| F|  |TAMS 0x00000000c4100000, 0x00000000c4100000| Untracked 
|  22|0x00000000c4200000, 0x00000000c4200000, 0x00000000c4300000|  0%| F|  |TAMS 0x00000000c4200000, 0x00000000c4200000| Untracked 
|  23|0x00000000c4300000, 0x00000000c4300000, 0x00000000c4400000|  0%| F|  |TAMS 0x00000000c4300000, 0x00000000c4300000| Untracked 
|  24|0x00000000c4400000, 0x00000000c4400000, 0x00000000c4500000|  0%| F|  |TAMS 0x00000000c4400000, 0x00000000c4400000| Untracked 
|  25|0x00000000c4500000, 0x00000000c4500000, 0x00000000c4600000|  0%| F|  |TAMS 0x00000000c4500000, 0x00000000c4500000| Untracked 
|  26|0x00000000c4600000, 0x00000000c4600000, 0x00000000c4700000|  0%| F|  |TAMS 0x00000000c4600000, 0x00000000c4600000| Untracked 
|  27|0x00000000c4700000, 0x00000000c4700000, 0x00000000c4800000|  0%| F|  |TAMS 0x00000000c4700000, 0x00000000c4700000| Untracked 
|  28|0x00000000c4800000, 0x00000000c4800000, 0x00000000c4900000|  0%| F|  |TAMS 0x00000000c4800000, 0x00000000c4800000| Untracked 
|  29|0x00000000c4900000, 0x00000000c4900000, 0x00000000c4a00000|  0%| F|  |TAMS 0x00000000c4900000, 0x00000000c4900000| Untracked 
|  30|0x00000000c4a00000, 0x00000000c4a00000, 0x00000000c4b00000|  0%| F|  |TAMS 0x00000000c4a00000, 0x00000000c4a00000| Untracked 
|  31|0x00000000c4b00000, 0x00000000c4b00000, 0x00000000c4c00000|  0%| F|  |TAMS 0x00000000c4b00000, 0x00000000c4b00000| Untracked 
|  32|0x00000000c4c00000, 0x00000000c4c00000, 0x00000000c4d00000|  0%| F|  |TAMS 0x00000000c4c00000, 0x00000000c4c00000| Untracked 
|  33|0x00000000c4d00000, 0x00000000c4d00000, 0x00000000c4e00000|  0%| F|  |TAMS 0x00000000c4d00000, 0x00000000c4d00000| Untracked 
|  34|0x00000000c4e00000, 0x00000000c4e00000, 0x00000000c4f00000|  0%| F|  |TAMS 0x00000000c4e00000, 0x00000000c4e00000| Untracked 
|  35|0x00000000c4f00000, 0x00000000c4f00000, 0x00000000c5000000|  0%| F|  |TAMS 0x00000000c4f00000, 0x00000000c4f00000| Untracked 
|  36|0x00000000c5000000, 0x00000000c5000000, 0x00000000c5100000|  0%| F|  |TAMS 0x00000000c5000000, 0x00000000c5000000| Untracked 
|  37|0x00000000c5100000, 0x00000000c5100000, 0x00000000c5200000|  0%| F|  |TAMS 0x00000000c5100000, 0x00000000c5100000| Untracked 
|  38|0x00000000c5200000, 0x00000000c5200000, 0x00000000c5300000|  0%| F|  |TAMS 0x00000000c5200000, 0x00000000c5200000| Untracked 
|  39|0x00000000c5300000, 0x00000000c5300000, 0x00000000c5400000|  0%| F|  |TAMS 0x00000000c5300000, 0x00000000c5300000| Untracked 
|  40|0x00000000c5400000, 0x00000000c5400000, 0x00000000c5500000|  0%| F|  |TAMS 0x00000000c5400000, 0x00000000c5400000| Untracked 
|  41|0x00000000c5500000, 0x00000000c5500000, 0x00000000c5600000|  0%| F|  |TAMS 0x00000000c5500000, 0x00000000c5500000| Untracked 
|  42|0x00000000c5600000, 0x00000000c5600000, 0x00000000c5700000|  0%| F|  |TAMS 0x00000000c5600000, 0x00000000c5600000| Untracked 
|  43|0x00000000c5700000, 0x00000000c5700000, 0x00000000c5800000|  0%| F|  |TAMS 0x00000000c5700000, 0x00000000c5700000| Untracked 
|  44|0x00000000c5800000, 0x00000000c5800000, 0x00000000c5900000|  0%| F|  |TAMS 0x00000000c5800000, 0x00000000c5800000| Untracked 
|  45|0x00000000c5900000, 0x00000000c5900000, 0x00000000c5a00000|  0%| F|  |TAMS 0x00000000c5900000, 0x00000000c5900000| Untracked 
|  46|0x00000000c5a00000, 0x00000000c5a00000, 0x00000000c5b00000|  0%| F|  |TAMS 0x00000000c5a00000, 0x00000000c5a00000| Untracked 
|  47|0x00000000c5b00000, 0x00000000c5b00000, 0x00000000c5c00000|  0%| F|  |TAMS 0x00000000c5b00000, 0x00000000c5b00000| Untracked 
|  48|0x00000000c5c00000, 0x00000000c5c00000, 0x00000000c5d00000|  0%| F|  |TAMS 0x00000000c5c00000, 0x00000000c5c00000| Untracked 
|  49|0x00000000c5d00000, 0x00000000c5d00000, 0x00000000c5e00000|  0%| F|  |TAMS 0x00000000c5d00000, 0x00000000c5d00000| Untracked 
|  50|0x00000000c5e00000, 0x00000000c5e00000, 0x00000000c5f00000|  0%| F|  |TAMS 0x00000000c5e00000, 0x00000000c5e00000| Untracked 
|  51|0x00000000c5f00000, 0x00000000c5f00000, 0x00000000c6000000|  0%| F|  |TAMS 0x00000000c5f00000, 0x00000000c5f00000| Untracked 
|  52|0x00000000c6000000, 0x00000000c6000000, 0x00000000c6100000|  0%| F|  |TAMS 0x00000000c6000000, 0x00000000c6000000| Untracked 
|  53|0x00000000c6100000, 0x00000000c6100000, 0x00000000c6200000|  0%| F|  |TAMS 0x00000000c6100000, 0x00000000c6100000| Untracked 
|  54|0x00000000c6200000, 0x00000000c6200000, 0x00000000c6300000|  0%| F|  |TAMS 0x00000000c6200000, 0x00000000c6200000| Untracked 
|  55|0x00000000c6300000, 0x00000000c6300000, 0x00000000c6400000|  0%| F|  |TAMS 0x00000000c6300000, 0x00000000c6300000| Untracked 
|  56|0x00000000c6400000, 0x00000000c6400000, 0x00000000c6500000|  0%| F|  |TAMS 0x00000000c6400000, 0x00000000c6400000| Untracked 
|  57|0x00000000c6500000, 0x00000000c6500000, 0x00000000c6600000|  0%| F|  |TAMS 0x00000000c6500000, 0x00000000c6500000| Untracked 
|  58|0x00000000c6600000, 0x00000000c6600000, 0x00000000c6700000|  0%| F|  |TAMS 0x00000000c6600000, 0x00000000c6600000| Untracked 
|  59|0x00000000c6700000, 0x00000000c6700000, 0x00000000c6800000|  0%| F|  |TAMS 0x00000000c6700000, 0x00000000c6700000| Untracked 
|  60|0x00000000c6800000, 0x00000000c68c8950, 0x00000000c6900000| 78%| E|  |TAMS 0x00000000c6800000, 0x00000000c6800000| Complete 
|  61|0x00000000c6900000, 0x00000000c6a00000, 0x00000000c6a00000|100%| E|CS|TAMS 0x00000000c6900000, 0x00000000c6900000| Complete 

Card table byte_map: [0x000001abee100000,0x000001abee2f0000] _byte_map_base: 0x000001abedaea000

Marking Bits (Prev, Next): (CMBitMap*) 0x000001abdb9b8b30, (CMBitMap*) 0x000001abdb9b8b70
 Prev Bits: [0x000001abee4e0000, 0x000001abef430000)
 Next Bits: [0x000001abef430000, 0x000001abf0380000)

Polling page: 0x000001abd98d0000

Metaspace:

Usage:
  Non-class:      5.58 MB used.
      Class:    513.51 KB used.
       Both:      6.08 MB used.

Virtual space:
  Non-class space:        8.00 MB reserved,       5.62 MB ( 70%) committed,  1 nodes.
      Class space:        1.00 GB reserved,     576.00 KB ( <1%) committed,  1 nodes.
              Both:        1.01 GB reserved,       6.19 MB ( <1%) committed. 

Chunk freelists:
   Non-Class:  2.23 MB
       Class:  3.25 MB
        Both:  5.48 MB

MaxMetaspaceSize: 17179869184.00 GB
CompressedClassSpaceSize: 1.00 GB
 - commit_granule_bytes: 65536.
 - commit_granule_words: 8192.
 - virtual_space_node_default_size: 1048576.
 - enlarge_chunks_in_place: 1.
 - new_chunks_are_fully_committed: 0.
 - uncommit_free_chunks: 1.
 - use_allocation_guard: 0.
 - handle_deallocations: 1.


Internal statistics:

num_allocs_failed_limit: 0.
num_arena_births: 8.
num_arena_deaths: 0.
num_vsnodes_births: 2.
num_vsnodes_deaths: 0.
num_space_committed: 99.
num_space_uncommitted: 0.
num_chunks_returned_to_freelist: 0.
num_chunks_taken_from_freelist: 21.
num_chunk_merges: 0.
num_chunk_splits: 7.
num_chunks_enlarged: 3.
num_purges: 0.

CodeHeap 'non-profiled nmethods': size=120000Kb used=37Kb max_used=37Kb free=119962Kb
 bounds [0x000001abe69e0000, 0x000001abe6c50000, 0x000001abedf10000]
CodeHeap 'profiled nmethods': size=120000Kb used=140Kb max_used=140Kb free=119859Kb
 bounds [0x000001abdf4b0000, 0x000001abdf720000, 0x000001abe69e0000]
CodeHeap 'non-nmethods': size=5760Kb used=1087Kb max_used=1100Kb free=4672Kb
 bounds [0x000001abdef10000, 0x000001abdf180000, 0x000001abdf4b0000]
 total_blobs=481 nmethods=126 adapters=269
 compilation: enabled
              stopped_count=0, restarted_count=0
 full_count=0

Compilation events (20 events):
Event: 0.403 Thread 0x000001abf2874340 nmethod 114 0x000001abe69e8510 code [0x000001abe69e86a0, 0x000001abe69e8778]
Event: 0.416 Thread 0x000001abf28ab780  116       3       java.lang.ref.Reference::reachabilityFence (1 bytes)
Event: 0.416 Thread 0x000001abf28ab780 nmethod 116 0x000001abdf4cf690 code [0x000001abdf4cf820, 0x000001abdf4cf918]
Event: 0.419 Thread 0x000001abf28ab780  117       1       java.lang.invoke.MethodType::form (5 bytes)
Event: 0.419 Thread 0x000001abf28ab780 nmethod 117 0x000001abe69e8890 code [0x000001abe69e8a20, 0x000001abe69e8af8]
Event: 0.419 Thread 0x000001abf28ab780  119       3       java.lang.invoke.MethodType::parameterType (7 bytes)
Event: 0.419 Thread 0x000001abf28ab780 nmethod 119 0x000001abdf4cf990 code [0x000001abdf4cfb20, 0x000001abdf4cfc58]
Event: 0.420 Thread 0x000001abf28ab780  120       3       jdk.internal.org.objectweb.asm.SymbolTable::get (13 bytes)
Event: 0.420 Thread 0x000001abf28ab780 nmethod 120 0x000001abdf4cfd10 code [0x000001abdf4cfea0, 0x000001abdf4cfff8]
Event: 0.423 Thread 0x000001abf28ab780  121       3       java.lang.String::checkBoundsOffCount (64 bytes)
Event: 0.424 Thread 0x000001abf28ab780 nmethod 121 0x000001abdf4d0110 code [0x000001abdf4d03a0, 0x000001abdf4d0c98]
Event: 0.429 Thread 0x000001abf28ab780  122       3       jdk.internal.org.objectweb.asm.ByteVector::putUTF8 (144 bytes)
Event: 0.431 Thread 0x000001abf28ab780 nmethod 122 0x000001abdf4d1010 code [0x000001abdf4d1280, 0x000001abdf4d1d88]
Event: 0.431 Thread 0x000001abf28ab780  123       3       jdk.internal.org.objectweb.asm.ByteVector::putShort (52 bytes)
Event: 0.432 Thread 0x000001abf28ab780 nmethod 123 0x000001abdf4d2290 code [0x000001abdf4d2440, 0x000001abdf4d2648]
Event: 0.432 Thread 0x000001abf28ab780  124       3       java.lang.invoke.MethodType::checkSlotCount (33 bytes)
Event: 0.433 Thread 0x000001abf28ab780 nmethod 124 0x000001abdf4d2790 code [0x000001abdf4d29c0, 0x000001abdf4d3058]
Event: 0.435 Thread 0x000001abf2874340  125       4       java.lang.String::charAt (25 bytes)
Event: 0.436 Thread 0x000001abf2874340 nmethod 125 0x000001abe69e8e90 code [0x000001abe69e9020, 0x000001abe69e90f8]
Event: 0.437 Thread 0x000001abf28ab780  126       3       java.util.StringTokenizer::skipDelimiters (116 bytes)

GC Heap History (0 events):
No events

Deoptimization events (0 events):
No events

Classes unloaded (0 events):
No events

Classes redefined (0 events):
No events

Internal exceptions (0 events):
No events

Events (20 events):
Event: 0.422 loading class java/util/zip/ZipUtils done
Event: 0.425 Loaded shared library C:\GNAGJIN\eclipse\plugins\org.eclipse.justj.openjdk.hotspot.jre.full.win32.x86_64_16.0.2.v20210721-1149\jre\bin\zip.dll
Event: 0.425 loading class java/util/zip/Inflater$InflaterZStreamRef
Event: 0.425 loading class java/util/zip/Inflater$InflaterZStreamRef done
Event: 0.425 loading class java/io/ByteArrayOutputStream
Event: 0.426 loading class java/io/ByteArrayOutputStream done
Event: 0.427 loading class sun/net/www/protocol/jrt/Handler
Event: 0.427 loading class sun/net/www/protocol/jrt/Handler done
Event: 0.428 loading class java/util/ServiceLoader$1
Event: 0.428 loading class java/util/ServiceLoader$1 done
Event: 0.428 loading class java/util/ServiceLoader$ProviderImpl
Event: 0.428 loading class java/util/ServiceLoader$Provider
Event: 0.428 loading class java/util/ServiceLoader$Provider done
Event: 0.428 loading class java/util/ServiceLoader$ProviderImpl done
Event: 0.434 loading class sun/util/locale/provider/NumberFormatProviderImpl
Event: 0.434 loading class sun/util/locale/provider/AvailableLanguageTags
Event: 0.434 loading class sun/util/locale/provider/AvailableLanguageTags done
Event: 0.434 loading class sun/util/locale/provider/NumberFormatProviderImpl done
Event: 0.434 loading class java/util/StringTokenizer
Event: 0.434 loading class java/util/StringTokenizer done


Dynamic libraries:
0x00007ff7950d0000 - 0x00007ff7950de000 	C:\GNAGJIN\eclipse\plugins\org.eclipse.justj.openjdk.hotspot.jre.full.win32.x86_64_16.0.2.v20210721-1149\jre\bin\javaw.exe
0x00007ffc5fd90000 - 0x00007ffc5ff88000 	C:\WINDOWS\SYSTEM32\ntdll.dll
0x00007ffc5eaa0000 - 0x00007ffc5eb5f000 	C:\WINDOWS\System32\KERNEL32.DLL
0x00007ffc5d510000 - 0x00007ffc5d806000 	C:\WINDOWS\System32\KERNELBASE.dll
0x00007ffc5dcf0000 - 0x00007ffc5ddf0000 	C:\WINDOWS\System32\ucrtbase.dll
0x00007ffc53160000 - 0x00007ffc53178000 	C:\GNAGJIN\eclipse\plugins\org.eclipse.justj.openjdk.hotspot.jre.full.win32.x86_64_16.0.2.v20210721-1149\jre\bin\jli.dll
0x00007ffc5fbb0000 - 0x00007ffc5fd4d000 	C:\WINDOWS\System32\USER32.dll
0x00007ffc53050000 - 0x00007ffc53069000 	C:\GNAGJIN\eclipse\plugins\org.eclipse.justj.openjdk.hotspot.jre.full.win32.x86_64_16.0.2.v20210721-1149\jre\bin\VCRUNTIME140.dll
0x00007ffc5d9f0000 - 0x00007ffc5da12000 	C:\WINDOWS\System32\win32u.dll
0x00007ffc5fb80000 - 0x00007ffc5fbac000 	C:\WINDOWS\System32\GDI32.dll
0x00007ffc5d8d0000 - 0x00007ffc5d9e5000 	C:\WINDOWS\System32\gdi32full.dll
0x00007ffc5d470000 - 0x00007ffc5d50d000 	C:\WINDOWS\System32\msvcp_win.dll
0x00007ffc4c090000 - 0x00007ffc4c32a000 	C:\WINDOWS\WinSxS\amd64_microsoft.windows.common-controls_6595b64144ccf1df_6.0.19041.1110_none_60b5254171f9507e\COMCTL32.dll
0x00007ffc5e200000 - 0x00007ffc5e29e000 	C:\WINDOWS\System32\msvcrt.dll
0x00007ffc5e2a0000 - 0x00007ffc5e2d0000 	C:\WINDOWS\System32\IMM32.DLL
0x00007ffc58420000 - 0x00007ffc5842c000 	C:\GNAGJIN\eclipse\plugins\org.eclipse.justj.openjdk.hotspot.jre.full.win32.x86_64_16.0.2.v20210721-1149\jre\bin\vcruntime140_1.dll
0x00007ffc318f0000 - 0x00007ffc31981000 	C:\GNAGJIN\eclipse\plugins\org.eclipse.justj.openjdk.hotspot.jre.full.win32.x86_64_16.0.2.v20210721-1149\jre\bin\msvcp140.dll
0x00007ffc2abb0000 - 0x00007ffc2b75b000 	C:\GNAGJIN\eclipse\plugins\org.eclipse.justj.openjdk.hotspot.jre.full.win32.x86_64_16.0.2.v20210721-1149\jre\bin\server\jvm.dll
0x00007ffc5e2e0000 - 0x00007ffc5e38f000 	C:\WINDOWS\System32\ADVAPI32.dll
0x00007ffc5e800000 - 0x00007ffc5e89c000 	C:\WINDOWS\System32\sechost.dll
0x00007ffc5eb70000 - 0x00007ffc5ec96000 	C:\WINDOWS\System32\RPCRT4.dll
0x00007ffc5eb60000 - 0x00007ffc5eb68000 	C:\WINDOWS\System32\PSAPI.DLL
0x00007ffc43860000 - 0x00007ffc43869000 	C:\WINDOWS\SYSTEM32\WSOCK32.dll
0x00007ffc5e9d0000 - 0x00007ffc5ea3b000 	C:\WINDOWS\System32\WS2_32.dll
0x00007ffc4ab20000 - 0x00007ffc4ab47000 	C:\WINDOWS\SYSTEM32\WINMM.dll
0x00007ffc4c660000 - 0x00007ffc4c66a000 	C:\WINDOWS\SYSTEM32\VERSION.dll
0x00007ffc5bcb0000 - 0x00007ffc5bcc2000 	C:\WINDOWS\SYSTEM32\kernel.appcore.dll
0x00007ffc58560000 - 0x00007ffc5856a000 	C:\GNAGJIN\eclipse\plugins\org.eclipse.justj.openjdk.hotspot.jre.full.win32.x86_64_16.0.2.v20210721-1149\jre\bin\jimage.dll
0x00007ffc5b9d0000 - 0x00007ffc5bbb4000 	C:\WINDOWS\SYSTEM32\DBGHELP.DLL
0x00007ffc475f0000 - 0x00007ffc47624000 	C:\WINDOWS\SYSTEM32\dbgcore.DLL
0x00007ffc5da50000 - 0x00007ffc5dad2000 	C:\WINDOWS\System32\bcryptPrimitives.dll
0x00007ffc53070000 - 0x00007ffc53095000 	C:\GNAGJIN\eclipse\plugins\org.eclipse.justj.openjdk.hotspot.jre.full.win32.x86_64_16.0.2.v20210721-1149\jre\bin\java.dll
0x00007ffc55b00000 - 0x00007ffc55b18000 	C:\GNAGJIN\eclipse\plugins\org.eclipse.justj.openjdk.hotspot.jre.full.win32.x86_64_16.0.2.v20210721-1149\jre\bin\zip.dll
0x00007ffc5f3d0000 - 0x00007ffc5fb14000 	C:\WINDOWS\System32\SHELL32.dll
0x00007ffc5b230000 - 0x00007ffc5b9c3000 	C:\WINDOWS\SYSTEM32\windows.storage.dll
0x00007ffc5ddf0000 - 0x00007ffc5e144000 	C:\WINDOWS\System32\combase.dll
0x00007ffc5cdd0000 - 0x00007ffc5cdfe000 	C:\WINDOWS\SYSTEM32\Wldp.dll
0x00007ffc5f290000 - 0x00007ffc5f33d000 	C:\WINDOWS\System32\SHCORE.dll
0x00007ffc5edc0000 - 0x00007ffc5ee15000 	C:\WINDOWS\System32\shlwapi.dll
0x00007ffc5d3b0000 - 0x00007ffc5d3cf000 	C:\WINDOWS\SYSTEM32\profapi.dll

dbghelp: loaded successfully - version: 4.0.5 - missing functions: none
symbol engine: initialized successfully - sym options: 0x614 - pdb path: .;C:\GNAGJIN\eclipse\plugins\org.eclipse.justj.openjdk.hotspot.jre.full.win32.x86_64_16.0.2.v20210721-1149\jre\bin;C:\WINDOWS\SYSTEM32;C:\WINDOWS\WinSxS\amd64_microsoft.windows.common-controls_6595b64144ccf1df_6.0.19041.1110_none_60b5254171f9507e;C:\GNAGJIN\eclipse\plugins\org.eclipse.justj.openjdk.hotspot.jre.full.win32.x86_64_16.0.2.v20210721-1149\jre\bin\server

VM Arguments:
jvm_args: -Dfile.encoding=UTF-8 -XX:+ShowCodeDetailsInExceptionMessages 
java_command: Bar.BarMain
java_class_path (initial): C:\GNAGJIN\_Java_workspace\java_project\bin
Launcher Type: SUN_STANDARD

[Global flags]
     intx CICompilerCount                          = 3                                         {product} {ergonomic}
     uint ConcGCThreads                            = 1                                         {product} {ergonomic}
     uint G1ConcRefinementThreads                  = 4                                         {product} {ergonomic}
   size_t G1HeapRegionSize                         = 1048576                                   {product} {ergonomic}
    uintx GCDrainStackTargetSize                   = 64                                        {product} {ergonomic}
   size_t InitialHeapSize                          = 65011712                                  {product} {ergonomic}
   size_t MarkStackSize                            = 4194304                                   {product} {ergonomic}
   size_t MaxHeapSize                              = 1027604480                                {product} {ergonomic}
   size_t MaxNewSize                               = 616562688                                 {product} {ergonomic}
   size_t MinHeapDeltaBytes                        = 1048576                                   {product} {ergonomic}
   size_t MinHeapSize                              = 8388608                                   {product} {ergonomic}
    uintx NonNMethodCodeHeapSize                   = 5832780                                {pd product} {ergonomic}
    uintx NonProfiledCodeHeapSize                  = 122912730                              {pd product} {ergonomic}
    uintx ProfiledCodeHeapSize                     = 122912730                              {pd product} {ergonomic}
    uintx ReservedCodeCacheSize                    = 251658240                              {pd product} {ergonomic}
     bool SegmentedCodeCache                       = true                                      {product} {ergonomic}
     bool ShowCodeDetailsInExceptionMessages       = true                                   {manageable} {command line}
   size_t SoftMaxHeapSize                          = 1027604480                             {manageable} {ergonomic}
     bool UseCompressedClassPointers               = true                           {product lp64_product} {ergonomic}
     bool UseCompressedOops                        = true                           {product lp64_product} {ergonomic}
     bool UseG1GC                                  = true                                      {product} {ergonomic}
     bool UseLargePagesIndividualAllocation        = false                                  {pd product} {ergonomic}

Logging:
Log output configuration:
 #0: stdout all=warning uptime,level,tags
 #1: stderr all=off uptime,level,tags

Environment Variables:
JAVA_HOME=C:\Program Files\Java\jdk-11\bin
PATH=C:/GNAGJIN/eclipse//plugins/org.eclipse.justj.openjdk.hotspot.jre.full.win32.x86_64_16.0.2.v20210721-1149/jre/bin/server;C:/GNAGJIN/eclipse//plugins/org.eclipse.justj.openjdk.hotspot.jre.full.win32.x86_64_16.0.2.v20210721-1149/jre/bin;C:\Program Files\Java\jdk-11\bin;C:\Program Files\Common Files\Oracle\Java\javapath;C:\Program Files\Java\jdk-8.0.392.8-hotspot\bin;C:\WINDOWS\system32;C:\WINDOWS;C:\WINDOWS\System32\Wbem;C:\WINDOWS\System32\WindowsPowerShell\v1.0\;C:\WINDOWS\System32\OpenSSH\;C:\Program Files\Intel\WiFi\bin\;C:\Program Files\Common Files\Intel\WirelessCommon\;C:\Program Files\Bandizip\;C:\Users\user\AppData\Local\Microsoft\WindowsApps;C:\Program Files\Intel\WiFi\bin\;C:\Program Files\Common Files\Intel\WirelessCommon\;;C:\Program Files\JetBrains\IntelliJ IDEA Community Edition 2023.3.2\bin;;C:\GNAGJIN\eclipse;
USERNAME=user
OS=Windows_NT
PROCESSOR_IDENTIFIER=Intel64 Family 6 Model 122 Stepping 1, GenuineIntel



---------------  S Y S T E M  ---------------

OS:
 Windows 10 , 64 bit Build 19041 (10.0.19041.3031)
OS uptime: 10 days 6:01 hours

CPU: total 4 (initial active 4) (4 cores per cpu, 1 threads per core) family 6 model 122 stepping 1 microcode 0x2e, cx8, cmov, fxsr, mmx, 3dnowpref, sse, sse2, sse3, ssse3, sse4.1, sse4.2, popcnt, tsc, tscinvbit, aes, erms, clmul, sha, clflush, clflushopt

Memory: 4k page, system-wide physical 3917M (483M free)
TotalPageFile size 15693M (AvailPageFile size 1M)
current process WorkingSet (physical memory assigned to process): 33M, peak: 33M
current process commit charge ("private bytes"): 127M, peak: 127M

vm_info: OpenJDK 64-Bit Server VM (16.0.2+7-67) for windows-amd64 JRE (16.0.2+7-67), built on Jun  8 2021 23:21:43 by "mach5one" with MS VC++ 16.7 (VS2019)

END.
