#
# There is insufficient memory for the Java Runtime Environment to continue.
# Native memory allocation (mmap) failed to map 65011712 bytes for G1 virtual space
# Possible reasons:
#   The system is out of physical RAM or swap space
#   The process is running with CompressedOops enabled, and the Java Heap may be blocking the growth of the native heap
# Possible solutions:
#   Reduce memory load on the system
#   Increase physical memory or swap space
#   Check if swap backing store is full
#   Decrease Java heap size (-Xmx/-Xms)
#   Decrease number of Java threads
#   Decrease Java thread stack sizes (-Xss)
#   Set larger code cache with -XX:ReservedCodeCacheSize=
#   JVM is running with Unscaled Compressed Oops mode in which the Java heap is
#     placed in the first 4GB address space. The Java Heap base address is the
#     maximum limit for the native heap growth. Please use -XX:HeapBaseMinAddress
#     to set the Java Heap base and to place the Java Heap above 4GB virtual address.
# This output file may be truncated or incomplete.
#
#  Out of Memory Error (os_windows.cpp:3466), pid=14396, tid=5964
#
# JRE version:  (16.0.2+7) (build )
# Java VM: OpenJDK 64-Bit Server VM (16.0.2+7-67, mixed mode, sharing, tiered, compressed oops, compressed class ptrs, g1 gc, windows-amd64)
# No core dump will be written. Minidumps are not enabled by default on client versions of Windows
#

---------------  S U M M A R Y ------------

Command Line: -Dfile.encoding=UTF-8 -XX:+ShowCodeDetailsInExceptionMessages Bar.BarMain

Host: Intel(R) Celeron(R) N4100 CPU @ 1.10GHz, 4 cores, 3G,  Windows 10 , 64 bit Build 19041 (10.0.19041.3031)
Time: Thu Feb  8 15:42:23 2024  Windows 10 , 64 bit Build 19041 (10.0.19041.3031) elapsed time: 0.043497 seconds (0d 0h 0m 0s)

---------------  T H R E A D  ---------------

Current thread (0x0000021830758f50):  JavaThread "Unknown thread" [_thread_in_vm, id=5964, stack(0x0000007f8c900000,0x0000007f8ca00000)]

Stack: [0x0000007f8c900000,0x0000007f8ca00000]
Native frames: (J=compiled Java code, j=interpreted, Vv=VM code, C=native code)
V  [jvm.dll+0x6681ca]
V  [jvm.dll+0x7c9e69]
V  [jvm.dll+0x7cb61e]
V  [jvm.dll+0x7cbc73]
V  [jvm.dll+0x242c55]
V  [jvm.dll+0x664f89]
V  [jvm.dll+0x659b75]
V  [jvm.dll+0x2fbfbb]
V  [jvm.dll+0x3031b6]
V  [jvm.dll+0x35299e]
V  [jvm.dll+0x352bcf]
V  [jvm.dll+0x2d3028]
V  [jvm.dll+0x2d4264]
V  [jvm.dll+0x79c741]
V  [jvm.dll+0x360791]
V  [jvm.dll+0x77a3f0]
V  [jvm.dll+0x3e4e8f]
V  [jvm.dll+0x3e6961]
C  [jli.dll+0x52fb]
C  [ucrtbase.dll+0x21bb2]
C  [KERNEL32.DLL+0x17614]
C  [ntdll.dll+0x526f1]


---------------  P R O C E S S  ---------------

Threads class SMR info:
_java_thread_list=0x00007ffc2b6bcbb8, length=0, elements={
}

Java Threads: ( => current thread )

Other Threads:
  0x0000021830789b00 GCTaskThread "GC Thread#0" [stack: 0x0000007f8ca00000,0x0000007f8cb00000] [id=29200]
  0x0000021830792d60 ConcurrentGCThread "G1 Main Marker" [stack: 0x0000007f8cb00000,0x0000007f8cc00000] [id=13852]
  0x0000021830793750 ConcurrentGCThread "G1 Conc#0" [stack: 0x0000007f8cc00000,0x0000007f8cd00000] [id=6012]

[error occurred during error reporting (printing all threads), id 0xc0000005, EXCEPTION_ACCESS_VIOLATION (0xc0000005) at pc=0x00007ffc2ae93ee7]

VM state: not at safepoint (not fully initialized)

VM Mutex/Monitor currently owned by a thread:  ([mutex/lock_event])
[0x0000021830755f10] Heap_lock - owner thread: 0x0000021830758f50

Heap address: 0x00000000c2c00000, size: 980 MB, Compressed Oops mode: 32-bit

CDS archive(s) mapped at: [0x0000000000000000-0x0000000000000000-0x0000000000000000), size 0, SharedBaseAddress: 0x0000000800000000, ArchiveRelocationMode: 0.
Narrow klass base: 0x0000000000000000, Narrow klass shift: 0, Narrow klass range: 0x0

GC Precious Log:
<Empty>

Heap:
 garbage-first heap   total 0K, used 0K [0x00000000c2c00000, 0x0000000100000000)
  region size 1024K, 0 young (0K), 0 survivors (0K)

[error occurred during error reporting (printing heap information), id 0xc0000005, EXCEPTION_ACCESS_VIOLATION (0xc0000005) at pc=0x00007ffc2b271eed]

GC Heap History (0 events):
No events

Deoptimization events (0 events):
No events

Classes unloaded (0 events):
No events

Classes redefined (0 events):
No events

Internal exceptions (0 events):
No events

Events (1 events):
Event: 0.024 Loaded shared library C:\GNAGJIN\eclipse\plugins\org.eclipse.justj.openjdk.hotspot.jre.full.win32.x86_64_16.0.2.v20210721-1149\jre\bin\java.dll


Dynamic libraries:
0x00007ff7950d0000 - 0x00007ff7950de000 	C:\GNAGJIN\eclipse\plugins\org.eclipse.justj.openjdk.hotspot.jre.full.win32.x86_64_16.0.2.v20210721-1149\jre\bin\javaw.exe
0x00007ffc5fd90000 - 0x00007ffc5ff88000 	C:\WINDOWS\SYSTEM32\ntdll.dll
0x00007ffc5eaa0000 - 0x00007ffc5eb5f000 	C:\WINDOWS\System32\KERNEL32.DLL
0x00007ffc5d510000 - 0x00007ffc5d806000 	C:\WINDOWS\System32\KERNELBASE.dll
0x00007ffc5dcf0000 - 0x00007ffc5ddf0000 	C:\WINDOWS\System32\ucrtbase.dll
0x00007ffc53060000 - 0x00007ffc53079000 	C:\GNAGJIN\eclipse\plugins\org.eclipse.justj.openjdk.hotspot.jre.full.win32.x86_64_16.0.2.v20210721-1149\jre\bin\VCRUNTIME140.dll
0x00007ffc53080000 - 0x00007ffc53098000 	C:\GNAGJIN\eclipse\plugins\org.eclipse.justj.openjdk.hotspot.jre.full.win32.x86_64_16.0.2.v20210721-1149\jre\bin\jli.dll
0x00007ffc5fbb0000 - 0x00007ffc5fd4d000 	C:\WINDOWS\System32\USER32.dll
0x00007ffc5d9f0000 - 0x00007ffc5da12000 	C:\WINDOWS\System32\win32u.dll
0x00007ffc5fb80000 - 0x00007ffc5fbac000 	C:\WINDOWS\System32\GDI32.dll
0x00007ffc4c090000 - 0x00007ffc4c32a000 	C:\WINDOWS\WinSxS\amd64_microsoft.windows.common-controls_6595b64144ccf1df_6.0.19041.1110_none_60b5254171f9507e\COMCTL32.dll
0x00007ffc5d8d0000 - 0x00007ffc5d9e5000 	C:\WINDOWS\System32\gdi32full.dll
0x00007ffc5e200000 - 0x00007ffc5e29e000 	C:\WINDOWS\System32\msvcrt.dll
0x00007ffc5d470000 - 0x00007ffc5d50d000 	C:\WINDOWS\System32\msvcp_win.dll
0x00007ffc5e2a0000 - 0x00007ffc5e2d0000 	C:\WINDOWS\System32\IMM32.DLL
0x00007ffc55b00000 - 0x00007ffc55b0c000 	C:\GNAGJIN\eclipse\plugins\org.eclipse.justj.openjdk.hotspot.jre.full.win32.x86_64_16.0.2.v20210721-1149\jre\bin\vcruntime140_1.dll
0x00007ffc48970000 - 0x00007ffc48a01000 	C:\GNAGJIN\eclipse\plugins\org.eclipse.justj.openjdk.hotspot.jre.full.win32.x86_64_16.0.2.v20210721-1149\jre\bin\msvcp140.dll
0x00007ffc2abb0000 - 0x00007ffc2b75b000 	C:\GNAGJIN\eclipse\plugins\org.eclipse.justj.openjdk.hotspot.jre.full.win32.x86_64_16.0.2.v20210721-1149\jre\bin\server\jvm.dll
0x00007ffc5e2e0000 - 0x00007ffc5e38f000 	C:\WINDOWS\System32\ADVAPI32.dll
0x00007ffc5e800000 - 0x00007ffc5e89c000 	C:\WINDOWS\System32\sechost.dll
0x00007ffc5eb70000 - 0x00007ffc5ec96000 	C:\WINDOWS\System32\RPCRT4.dll
0x00007ffc5eb60000 - 0x00007ffc5eb68000 	C:\WINDOWS\System32\PSAPI.DLL
0x00007ffc43860000 - 0x00007ffc43869000 	C:\WINDOWS\SYSTEM32\WSOCK32.dll
0x00007ffc4ab20000 - 0x00007ffc4ab47000 	C:\WINDOWS\SYSTEM32\WINMM.dll
0x00007ffc4c660000 - 0x00007ffc4c66a000 	C:\WINDOWS\SYSTEM32\VERSION.dll
0x00007ffc5e9d0000 - 0x00007ffc5ea3b000 	C:\WINDOWS\System32\WS2_32.dll
0x00007ffc5bcb0000 - 0x00007ffc5bcc2000 	C:\WINDOWS\SYSTEM32\kernel.appcore.dll
0x00007ffc58440000 - 0x00007ffc5844a000 	C:\GNAGJIN\eclipse\plugins\org.eclipse.justj.openjdk.hotspot.jre.full.win32.x86_64_16.0.2.v20210721-1149\jre\bin\jimage.dll
0x00007ffc5b9d0000 - 0x00007ffc5bbb4000 	C:\WINDOWS\SYSTEM32\DBGHELP.DLL
0x00007ffc475f0000 - 0x00007ffc47624000 	C:\WINDOWS\SYSTEM32\dbgcore.DLL
0x00007ffc5da50000 - 0x00007ffc5dad2000 	C:\WINDOWS\System32\bcryptPrimitives.dll
0x00007ffc53100000 - 0x00007ffc53125000 	C:\GNAGJIN\eclipse\plugins\org.eclipse.justj.openjdk.hotspot.jre.full.win32.x86_64_16.0.2.v20210721-1149\jre\bin\java.dll

dbghelp: loaded successfully - version: 4.0.5 - missing functions: none
symbol engine: initialized successfully - sym options: 0x614 - pdb path: .;C:\GNAGJIN\eclipse\plugins\org.eclipse.justj.openjdk.hotspot.jre.full.win32.x86_64_16.0.2.v20210721-1149\jre\bin;C:\WINDOWS\SYSTEM32;C:\WINDOWS\WinSxS\amd64_microsoft.windows.common-controls_6595b64144ccf1df_6.0.19041.1110_none_60b5254171f9507e;C:\GNAGJIN\eclipse\plugins\org.eclipse.justj.openjdk.hotspot.jre.full.win32.x86_64_16.0.2.v20210721-1149\jre\bin\server

VM Arguments:
jvm_args: -Dfile.encoding=UTF-8 -XX:+ShowCodeDetailsInExceptionMessages 
java_command: Bar.BarMain
java_class_path (initial): C:\GNAGJIN\_Java_workspace\java_project\bin
Launcher Type: SUN_STANDARD

[Global flags]
     intx CICompilerCount                          = 3                                         {product} {ergonomic}
     uint ConcGCThreads                            = 1                                         {product} {ergonomic}
     uint G1ConcRefinementThreads                  = 4                                         {product} {ergonomic}
   size_t G1HeapRegionSize                         = 1048576                                   {product} {ergonomic}
    uintx GCDrainStackTargetSize                   = 64                                        {product} {ergonomic}
   size_t InitialHeapSize                          = 65011712                                  {product} {ergonomic}
   size_t MarkStackSize                            = 4194304                                   {product} {ergonomic}
   size_t MaxHeapSize                              = 1027604480                                {product} {ergonomic}
   size_t MinHeapDeltaBytes                        = 1048576                                   {product} {ergonomic}
   size_t MinHeapSize                              = 8388608                                   {product} {ergonomic}
    uintx NonNMethodCodeHeapSize                   = 5832780                                {pd product} {ergonomic}
    uintx NonProfiledCodeHeapSize                  = 122912730                              {pd product} {ergonomic}
    uintx ProfiledCodeHeapSize                     = 122912730                              {pd product} {ergonomic}
    uintx ReservedCodeCacheSize                    = 251658240                              {pd product} {ergonomic}
     bool SegmentedCodeCache                       = true                                      {product} {ergonomic}
     bool ShowCodeDetailsInExceptionMessages       = true                                   {manageable} {command line}
   size_t SoftMaxHeapSize                          = 1027604480                             {manageable} {ergonomic}
     bool UseCompressedClassPointers               = true                           {product lp64_product} {ergonomic}
     bool UseCompressedOops                        = true                           {product lp64_product} {ergonomic}
     bool UseG1GC                                  = true                                      {product} {ergonomic}
     bool UseLargePagesIndividualAllocation        = false                                  {pd product} {ergonomic}

Logging:
Log output configuration:
 #0: stdout all=warning uptime,level,tags
 #1: stderr all=off uptime,level,tags

Environment Variables:
JAVA_HOME=C:\Program Files\Java\jdk-11\bin
PATH=C:/GNAGJIN/eclipse//plugins/org.eclipse.justj.openjdk.hotspot.jre.full.win32.x86_64_16.0.2.v20210721-1149/jre/bin/server;C:/GNAGJIN/eclipse//plugins/org.eclipse.justj.openjdk.hotspot.jre.full.win32.x86_64_16.0.2.v20210721-1149/jre/bin;C:\Program Files\Java\jdk-11\bin;C:\Program Files\Common Files\Oracle\Java\javapath;C:\Program Files\Java\jdk-8.0.392.8-hotspot\bin;C:\WINDOWS\system32;C:\WINDOWS;C:\WINDOWS\System32\Wbem;C:\WINDOWS\System32\WindowsPowerShell\v1.0\;C:\WINDOWS\System32\OpenSSH\;C:\Program Files\Intel\WiFi\bin\;C:\Program Files\Common Files\Intel\WirelessCommon\;C:\Program Files\Bandizip\;C:\Users\user\AppData\Local\Microsoft\WindowsApps;C:\Program Files\Intel\WiFi\bin\;C:\Program Files\Common Files\Intel\WirelessCommon\;;C:\Program Files\JetBrains\IntelliJ IDEA Community Edition 2023.3.2\bin;;C:\GNAGJIN\eclipse;
USERNAME=user
OS=Windows_NT
PROCESSOR_IDENTIFIER=Intel64 Family 6 Model 122 Stepping 1, GenuineIntel



---------------  S Y S T E M  ---------------

OS:
 Windows 10 , 64 bit Build 19041 (10.0.19041.3031)
OS uptime: 9 days 23:50 hours

CPU: total 4 (initial active 4) (4 cores per cpu, 1 threads per core) family 6 model 122 stepping 1 microcode 0x2e, cx8, cmov, fxsr, mmx, 3dnowpref, sse, sse2, sse3, ssse3, sse4.1, sse4.2, popcnt, tsc, tscinvbit, aes, erms, clmul, sha, clflush, clflushopt

Memory: 4k page, system-wide physical 3917M (478M free)
TotalPageFile size 15685M (AvailPageFile size 49M)
current process WorkingSet (physical memory assigned to process): 10M, peak: 10M
current process commit charge ("private bytes"): 51M, peak: 113M

vm_info: OpenJDK 64-Bit Server VM (16.0.2+7-67) for windows-amd64 JRE (16.0.2+7-67), built on Jun  8 2021 23:21:43 by "mach5one" with MS VC++ 16.7 (VS2019)

END.
